Arguments: 
  /usr/local/Cellar/node/9.11.1/bin/node /usr/local/bin/yarn

PATH: 
  /usr/local/bin:/usr/bin:/bin:/usr/sbin:/sbin:/opt/X11/bin:/usr/local/MacGPG2/bin:/Applications/Wireshark.app/Contents/MacOS

Yarn version: 
  1.6.0

Node version: 
  9.11.1

Platform: 
  darwin x64

Trace: 
  SyntaxError: /Users/samrose/Desktop/elephantBites/package.json: Unexpected token } in JSON at position 284
      at JSON.parse (<anonymous>)
      at /usr/local/lib/node_modules/yarn/lib/cli.js:1130:59
      at Generator.next (<anonymous>)
      at step (/usr/local/lib/node_modules/yarn/lib/cli.js:98:30)
      at /usr/local/lib/node_modules/yarn/lib/cli.js:109:13
      at <anonymous>

npm manifest: 
  {
    "name": "elephantBites",
    "version": "1.0.0",
    "main": "server.js",
    "repository": "https://github.com/samsrose/elephantBites.git",
    "license": "MIT",
    "devDependencies": {
      "express": "^4.16.3",
      "jquery": "^3.3.1",
      "mysql": "^2.15.0",
      "nodemon": "^1.17.3",
    },
    "scripts": {
      "dev": "nodemon server.js",
    },
  },

yarn manifest: 
  No manifest

Lockfile: 
  No lockfile
